{"/home/messyas/Projetos/webacad/WEB-ACADEMY/WACAD016-Fundamentos de Teste de Software/myapp_test-main/src/utils/validacoes.js": {"path":"/home/messyas/Projetos/webacad/WEB-ACADEMY/WACAD016-Fundamentos de Teste de Software/myapp_test-main/src/utils/validacoes.js","statementMap":{"0":{"start":{"line":9,"column":33},"end":{"line":9,"column":52}},"1":{"start":{"line":10,"column":22},"end":{"line":10,"column":55}},"2":{"start":{"line":11,"column":2},"end":{"line":11,"column":24}},"3":{"start":{"line":24,"column":2},"end":{"line":26,"column":3}},"4":{"start":{"line":25,"column":4},"end":{"line":25,"column":17}},"5":{"start":{"line":29,"column":18},"end":{"line":35,"column":3}},"6":{"start":{"line":37,"column":28},"end":{"line":37,"column":48}},"7":{"start":{"line":38,"column":2},"end":{"line":40,"column":3}},"8":{"start":{"line":39,"column":4},"end":{"line":39,"column":17}},"9":{"start":{"line":41,"column":2},"end":{"line":41,"column":41}},"10":{"start":{"line":60,"column":2},"end":{"line":63,"column":4}},"11":{"start":{"line":61,"column":29},"end":{"line":61,"column":55}},"12":{"start":{"line":66,"column":0},"end":{"line":70,"column":2}}},"fnMap":{"0":{"name":"primeiroNome","decl":{"start":{"line":8,"column":9},"end":{"line":8,"column":21}},"loc":{"start":{"line":8,"column":36},"end":{"line":12,"column":1}},"line":8},"1":{"name":"verificarDisponibilidadeEstoque","decl":{"start":{"line":23,"column":9},"end":{"line":23,"column":40}},"loc":{"start":{"line":23,"column":66},"end":{"line":42,"column":1}},"line":23},"2":{"name":"calcularPrecoTotal","decl":{"start":{"line":59,"column":9},"end":{"line":59,"column":27}},"loc":{"start":{"line":59,"column":38},"end":{"line":64,"column":1}},"line":59},"3":{"name":"(anonymous_3)","decl":{"start":{"line":61,"column":4},"end":{"line":61,"column":5}},"loc":{"start":{"line":61,"column":29},"end":{"line":61,"column":55}},"line":61}},"branchMap":{"0":{"loc":{"start":{"line":24,"column":2},"end":{"line":26,"column":3}},"type":"if","locations":[{"start":{"line":24,"column":2},"end":{"line":26,"column":3}},{"start":{},"end":{}}],"line":24},"1":{"loc":{"start":{"line":38,"column":2},"end":{"line":40,"column":3}},"type":"if","locations":[{"start":{"line":38,"column":2},"end":{"line":40,"column":3}},{"start":{},"end":{}}],"line":38}},"s":{"0":4,"1":4,"2":4,"3":7,"4":1,"5":6,"6":6,"7":6,"8":1,"9":5,"10":5,"11":9,"12":3},"f":{"0":4,"1":7,"2":5,"3":9},"b":{"0":[1,6],"1":[1,5]},"_coverageSchema":"1a1c01bbd47fc00a2c39e90264f33305004495a9","hash":"674c684c114f7c3c19b87bcbe617583a619af39a"}
}
